Date/Time:       2024-10-24 00:06:55 
Command line:    c:\Users\cometadraco\Desktop\Nueva carpeta (3)\venv\Lib\site-packages\briefcase\__main__.py new

OS Release:      Windows 10
OS Version:      10.0.19045
Architecture:    AMD64
Platform:        Windows-10-10.0.19045-SP0

Python exe:      c:\Users\cometadraco\Desktop\Nueva carpeta (3)\venv\Scripts\python.exe
Python version:  3.12.7 (tags/v3.12.7:0b05ead, Oct  1 2024, 03:06:41) [MSC v.1941 64 bit (AMD64)]
Virtual env:     True
Conda env:       False

Briefcase:       0.3.20
Target platform: all
Target format:   None

Environment Variables:
	ALLUSERSPROFILE=C:\ProgramData
	APPDATA=C:\Users\cometadraco\AppData\Roaming
	CHROME_CRASHPAD_PIPE_NAME=\\.\pipe\crashpad_12904_STOLVOZPTYSKGHBL
	COLORTERM=truecolor
	COMMONPROGRAMFILES=C:\Program Files\Common Files
	COMMONPROGRAMFILES(X86)=C:\Program Files (x86)\Common Files
	COMMONPROGRAMW6432=C:\Program Files\Common Files
	COMPUTERNAME=DESKTOP-2O2D0AP
	COMSPEC=C:\Windows\system32\cmd.exe
	DRIVERDATA=C:\Windows\System32\Drivers\DriverData
	FPS_BROWSER_APP_PROFILE_STRING=Internet Explorer
	FPS_BROWSER_USER_PROFILE_STRING=Default
	HOMEDRIVE=C:
	HOMEPATH=\Users\cometadraco
	LANG=en_US.UTF-8
	LOCALAPPDATA=C:\Users\cometadraco\AppData\Local
	LOGONSERVER=\\DESKTOP-2O2D0AP
	NUMBER_OF_PROCESSORS=12
	ONEDRIVE=C:\Users\cometadraco\OneDrive
	OPENSSL_CONF=C:\Program Files (x86)\PostgreSQL\psqlODBC\etc\openssl.cnf
	ORIGINAL_XDG_CURRENT_DESKTOP=undefined
	OS=Windows_NT
	PATH=c:\Users\cometadraco\.vscode\extensions\ms-python.python-2024.16.1-win32-x64\python_files\deactivate\powershell;c:\Users\cometadraco\Desktop\Nueva carpeta (3)\venv\Scripts;C:\Program Files (x86)\Common Files\Oracle\Java\java8path;C:\Program Files (x86)\Common Files\Oracle\Java\javapath;C:\Windows\system32;C:\Windows;C:\Windows\System32\Wbem;C:\Windows\System32\WindowsPowerShell\v1.0\;C:\Windows\System32\OpenSSH\;C:\Program Files (x86)\Microsoft SQL Server\160\Tools\Binn\;C:\Program Files\Microsoft SQL Server\160\Tools\Binn\;C:\Program Files\Microsoft SQL Server\Client SDK\ODBC\170\Tools\Binn\;C:\Program Files\Microsoft SQL Server\160\DTS\Binn\;C:\Program Files\nodejs\;C:\Users\cometadraco\AppData\Roaming\npm;C:\Program Files\MySQL\MySQL Shell 8.0\bin\;C:\Users\cometadraco\AppData\Local\Programs\Eclipse Adoptium\jdk-21.0.4.7-hotspot\bin;C:\Users\cometadraco\AppData\Local\Microsoft\WindowsApps;C:\Users\cometadraco\AppData\Local\Programs\Microsoft VS Code\bin;C:\Users\cometadraco\AppData\Roaming\npm;C:\Users\cometadraco\AppData\Local\reflex\bun\bin
	PATHEXT=.COM;.EXE;.BAT;.CMD;.VBS;.VBE;.JS;.JSE;.WSF;.WSH;.MSC;.CPL
	PROCESSOR_ARCHITECTURE=AMD64
	PROCESSOR_IDENTIFIER=Intel64 Family 6 Model 165 Stepping 5, GenuineIntel
	PROCESSOR_LEVEL=6
	PROCESSOR_REVISION=a505
	PROGRAMDATA=C:\ProgramData
	PROGRAMFILES=C:\Program Files
	PROGRAMFILES(X86)=C:\Program Files (x86)
	PROGRAMW6432=C:\Program Files
	PSMODULEPATH=C:\Users\cometadraco\Documents\WindowsPowerShell\Modules;C:\Program Files\WindowsPowerShell\Modules;C:\Windows\system32\WindowsPowerShell\v1.0\Modules;C:\Program Files (x86)\Microsoft SQL Server\160\Tools\PowerShell\Modules\
	PT8HOME=C:\Program Files\Cisco Packet Tracer 8.2.2
	PUBLIC=C:\Users\Public
	PYTHONSTARTUP=c:\Users\cometadraco\.vscode\extensions\ms-python.python-2024.16.1-win32-x64\python_files\pythonrc.py
	PYTHONUSERBASE=C:\Users\cometadraco\AppData\Local\Packages\PythonSoftwareFoundation.Python.3.12_qbz5n2kfra8p0\LocalCache\local-packages
	SESSIONNAME=Console
	SYSTEMDRIVE=C:
	SYSTEMROOT=C:\Windows
	TEMP=C:\Users\COMETA~1\AppData\Local\Temp
	TERM_PROGRAM=vscode
	TERM_PROGRAM_VERSION=1.94.2
	TMP=C:\Users\COMETA~1\AppData\Local\Temp
	USERDOMAIN=DESKTOP-2O2D0AP
	USERDOMAIN_ROAMINGPROFILE=DESKTOP-2O2D0AP
	USERNAME=cometadraco
	USERPROFILE=C:\Users\cometadraco
	VSCODE_ENV_PREPEND=PATH=c\x3a\Users\cometadraco\.vscode\extensions\ms-python.python-2024.16.1-win32-x64\python_files\deactivate\powershell;c\x3a\Users\cometadraco\Desktop\Nueva carpeta (3)\venv\Scripts;
	VSCODE_ENV_REPLACE=PATHEXT=.COM;.EXE;.BAT;.CMD;.VBS;.VBE;.JS;.JSE;.WSF;.WSH;.MSC:PSMODULEPATH=C\x3a\Program Files\WindowsPowerShell\Modules;C\x3a\Windows\system32\WindowsPowerShell\v1.0\Modules;C\x3a\Program Files (x86)\Microsoft SQL Server\160\Tools\PowerShell\Modules\
	VSCODE_INJECTION=1
	VSCODE_NONCE=b52e5492-78c4-4d6b-b994-bdabe6125790
	VSCODE_STABLE=1
	WINDIR=C:\Windows
	ZES_ENABLE_SYSMAN=1

pyproject.toml:
[Errno 2] No such file or directory: 'C:\\Users\\cometadraco\\Desktop\\Nueva carpeta (3)\\pyproject.toml'

Briefcase Log:
[00:06:54]                                                                                                                                                            __main__.py:44
           Briefcase requires git, but it is not installed (or is not on your PATH). Visit:                                                                           __main__.py:45
                                                                                                                                                                      __main__.py:45
               https://git-scm.com/                                                                                                                                   __main__.py:45
                                                                                                                                                                      __main__.py:45
           to download and install git manually.                                                                                                                      __main__.py:45
                                                                                                                                                                      __main__.py:45
           If you have installed git recently and are still getting this error, you may                                                                               __main__.py:45
           need to restart your terminal session.                                                                                                                     __main__.py:45
           Saving log... started                                                                                                                                      console.py:391

Main thread traceback:
╭─────────────────────────────────────────────────────────────────────── Traceback (most recent call last) ────────────────────────────────────────────────────────────────────────╮
│ c:\Users\cometadraco\Desktop\Nueva carpeta (3)\venv\Lib\site-packages\git\__init__.py:296 in <module>                                                                            │
│                                                                                                                                                                                  │
│   293                                                                                                                                                                            │
│   294                                                                                                                                                                            │
│   295 try:                                                                                                                                                                       │
│ ❱ 296 │   refresh()                                                                                                                                                              │
│   297 except Exception as _exc:                                                                                                                                                  │
│   298 │   raise ImportError("Failed to initialize: {0}".format(_exc)) from _exc                                                                                                  │
│   299                                                                                                                                                                            │
│                                                                                                                                                                                  │
│ ╭───────────────────────────────────────────────────────────────────────────── locals ─────────────────────────────────────────────────────────────────────────────╮             │
│ │           cmd = <module 'git.cmd' from 'c:\\Users\\cometadraco\\Desktop\\Nueva carpeta (3)\\venv\\Lib\\site-packages\\git\\cmd.py'>                              │             │
│ │        compat = <module 'git.compat' from 'c:\\Users\\cometadraco\\Desktop\\Nueva carpeta (3)\\venv\\Lib\\site-packages\\git\\compat.py'>                        │             │
│ │        config = <module 'git.config' from 'c:\\Users\\cometadraco\\Desktop\\Nueva carpeta (3)\\venv\\Lib\\site-packages\\git\\config.py'>                        │             │
│ │            db = <module 'git.db' from 'c:\\Users\\cometadraco\\Desktop\\Nueva carpeta (3)\\venv\\Lib\\site-packages\\git\\db.py'>                                │             │
│ │          diff = <module 'git.diff' from 'c:\\Users\\cometadraco\\Desktop\\Nueva carpeta (3)\\venv\\Lib\\site-packages\\git\\diff.py'>                            │             │
│ │           exc = <module 'git.exc' from 'c:\\Users\\cometadraco\\Desktop\\Nueva carpeta (3)\\venv\\Lib\\site-packages\\git\\exc.py'>                              │             │
│ │        GIT_OK = False                                                                                                                                            │             │
│ │         INDEX = <DiffConstants.INDEX: 2>                                                                                                                         │             │
│ │         index = <module 'git.index' from 'c:\\Users\\cometadraco\\Desktop\\Nueva carpeta (3)\\venv\\Lib\\site-packages\\git\\index\\__init__.py'>                │             │
│ │          List = typing.List                                                                                                                                      │             │
│ │     NULL_TREE = <DiffConstants.NULL_TREE: 1>                                                                                                                     │             │
│ │       objects = <module 'git.objects' from 'c:\\Users\\cometadraco\\Desktop\\Nueva carpeta (3)\\venv\\Lib\\site-packages\\git\\objects\\__init__.py'>            │             │
│ │      Optional = typing.Optional                                                                                                                                  │             │
│ │      PathLike = typing.Union[str, ForwardRef('os.PathLike[str]')]                                                                                                │             │
│ │          refs = <module 'git.refs' from 'c:\\Users\\cometadraco\\Desktop\\Nueva carpeta (3)\\venv\\Lib\\site-packages\\git\\refs\\__init__.py'>                  │             │
│ │        remote = <module 'git.remote' from 'c:\\Users\\cometadraco\\Desktop\\Nueva carpeta (3)\\venv\\Lib\\site-packages\\git\\remote.py'>                        │             │
│ │          repo = <module 'git.repo' from 'c:\\Users\\cometadraco\\Desktop\\Nueva carpeta (3)\\venv\\Lib\\site-packages\\git\\repo\\__init__.py'>                  │             │
│ │      Sequence = typing.Sequence                                                                                                                                  │             │
│ │         Tuple = typing.Tuple                                                                                                                                     │             │
│ │ TYPE_CHECKING = False                                                                                                                                            │             │
│ │         types = <module 'git.types' from 'c:\\Users\\cometadraco\\Desktop\\Nueva carpeta (3)\\venv\\Lib\\site-packages\\git\\types.py'>                          │             │
│ │         Union = typing.Union                                                                                                                                     │             │
│ │      warnings = <module 'warnings' from 'C:\\Program Files\\WindowsApps\\PythonSoftwareFoundation.Python.3.12_3.12.2032.0_x64__qbz5n2kfra8p0\\Lib\\warnings.py'> │             │
│ ╰──────────────────────────────────────────────────────────────────────────────────────────────────────────────────────────────────────────────────────────────────╯             │
│                                                                                                                                                                                  │
│ c:\Users\cometadraco\Desktop\Nueva carpeta (3)\venv\Lib\site-packages\git\__init__.py:287 in refresh                                                                             │
│                                                                                                                                                                                  │
│   284 │   global GIT_OK                                                                        ╭── locals ───╮                                                                   │
│   285 │   GIT_OK = False                                                                       │ path = None │                                                                   │
│   286 │                                                                                        ╰─────────────╯                                                                   │
│ ❱ 287 │   if not Git.refresh(path=path):                                                                                                                                         │
│   288 │   │   return                                                                                                                                                             │
│   289 │   if not FetchInfo.refresh():  # noqa: F405                                                                                                                              │
│   290 │   │   return  # type: ignore[unreachable]                                                                                                                                │
│                                                                                                                                                                                  │
│ c:\Users\cometadraco\Desktop\Nueva carpeta (3)\venv\Lib\site-packages\git\cmd.py:631 in refresh                                                                                  │
│                                                                                                                                                                                  │
│    628 │   │   │   │   │   if mode in warn:                                                                                                                                      │
│    629 │   │   │   │   │   │   _logger.critical(err)                                                                                                                             │
│    630 │   │   │   │   │   else:                                                                                                                                                 │
│ ❱  631 │   │   │   │   │   │   raise ImportError(err)                                                                                                                            │
│    632 │   │   │   │   else:                                                                                                                                                     │
│    633 │   │   │   │   │   err = dedent(                                                                                                                                         │
│    634 │   │   │   │   │   │   """\                                                                                                                                              │
│                                                                                                                                                                                  │
│ ╭────────────────────────────────────────────────── locals ───────────────────────────────────────────────────╮                                                                  │
│ │               err = 'Bad git executable.\nThe git executable must be specified in one of the following'+633 │                                                                  │
│ │             error = ['error', 'e', 'exception', 'raise', 'r', '2']                                          │                                                                  │
│ │           has_git = False                                                                                   │                                                                  │
│ │              mode = 'raise'                                                                                 │                                                                  │
│ │           new_git = 'git'                                                                                   │                                                                  │
│ │           old_git = None                                                                                    │                                                                  │
│ │ old_refresh_token = <object object at 0x000001FA43279B50>                                                   │                                                                  │
│ │              path = None                                                                                    │                                                                  │
│ │             quiet = ['quiet', 'q', 'silence', 's', 'silent', 'none', 'n', '0']                              │                                                                  │
│ │              warn = ['warn', 'w', 'warning', 'log', 'l', '1']                                               │                                                                  │
│ ╰─────────────────────────────────────────────────────────────────────────────────────────────────────────────╯                                                                  │
╰──────────────────────────────────────────────────────────────────────────────────────────────────────────────────────────────────────────────────────────────────────────────────╯
ImportError: Bad git executable.
The git executable must be specified in one of the following ways:
    - be included in your $PATH
    - be set via $GIT_PYTHON_GIT_EXECUTABLE
    - explicitly set via git.refresh(<full-path-to-git-executable>)

All git commands will error until this is rectified.

This initial message can be silenced or aggravated in the future by setting the
$GIT_PYTHON_REFRESH environment variable. Use one of the following values:
    - quiet|q|silence|s|silent|none|n|0: for no message or exception
    - warn|w|warning|log|l|1: for a warning message (logging level CRITICAL, displayed by default)
    - error|e|exception|raise|r|2: for a raised exception

Example:
    export GIT_PYTHON_REFRESH=quiet


The above exception was the direct cause of the following exception:

╭─────────────────────────────────────────────────────────────────────── Traceback (most recent call last) ────────────────────────────────────────────────────────────────────────╮
│ c:\Users\cometadraco\Desktop\Nueva carpeta (3)\venv\Lib\site-packages\briefcase\integrations\git.py:40 in verify_install                                                         │
│                                                                                                                                                                                  │
│   37 │   │                                                                                    ╭─────────────────────────────────── locals ────────────────────────────────────╮  │
│   38 │   │   # Check whether the git executable could be imported.                            │ kwargs = {'app': None}                                                        │  │
│   39 │   │   try:                                                                             │  tools = <briefcase.integrations.base.ToolCache object at 0x000001FA46291C40> │  │
│ ❱ 40 │   │   │   import git                                                                   ╰───────────────────────────────────────────────────────────────────────────────╯  │
│   41 │   │   except ImportError as e:  # pragma: no cover                                                                                                                        │
│   42 │   │   │   # macOS provides git as part of the Xcode command line tools,                                                                                                   │
│   43 │   │   │   # and also hijacks /usr/bin/git with a trigger that prompts the                                                                                                 │
│                                                                                                                                                                                  │
│ c:\Users\cometadraco\Desktop\Nueva carpeta (3)\venv\Lib\site-packages\git\__init__.py:298 in <module>                                                                            │
│                                                                                                                                                                                  │
│   295 try:                                                                                                                                                                       │
│   296 │   refresh()                                                                                                                                                              │
│   297 except Exception as _exc:                                                                                                                                                  │
│ ❱ 298 │   raise ImportError("Failed to initialize: {0}".format(_exc)) from _exc                                                                                                  │
│   299                                                                                                                                                                            │
│   300 # } END initialize git executable path                                                                                                                                     │
│   301                                                                                                                                                                            │
│                                                                                                                                                                                  │
│ ╭───────────────────────────────────────────────────────────────────────────── locals ─────────────────────────────────────────────────────────────────────────────╮             │
│ │           cmd = <module 'git.cmd' from 'c:\\Users\\cometadraco\\Desktop\\Nueva carpeta (3)\\venv\\Lib\\site-packages\\git\\cmd.py'>                              │             │
│ │        compat = <module 'git.compat' from 'c:\\Users\\cometadraco\\Desktop\\Nueva carpeta (3)\\venv\\Lib\\site-packages\\git\\compat.py'>                        │             │
│ │        config = <module 'git.config' from 'c:\\Users\\cometadraco\\Desktop\\Nueva carpeta (3)\\venv\\Lib\\site-packages\\git\\config.py'>                        │             │
│ │            db = <module 'git.db' from 'c:\\Users\\cometadraco\\Desktop\\Nueva carpeta (3)\\venv\\Lib\\site-packages\\git\\db.py'>                                │             │
│ │          diff = <module 'git.diff' from 'c:\\Users\\cometadraco\\Desktop\\Nueva carpeta (3)\\venv\\Lib\\site-packages\\git\\diff.py'>                            │             │
│ │           exc = <module 'git.exc' from 'c:\\Users\\cometadraco\\Desktop\\Nueva carpeta (3)\\venv\\Lib\\site-packages\\git\\exc.py'>                              │             │
│ │        GIT_OK = False                                                                                                                                            │             │
│ │         INDEX = <DiffConstants.INDEX: 2>                                                                                                                         │             │
│ │         index = <module 'git.index' from 'c:\\Users\\cometadraco\\Desktop\\Nueva carpeta (3)\\venv\\Lib\\site-packages\\git\\index\\__init__.py'>                │             │
│ │          List = typing.List                                                                                                                                      │             │
│ │     NULL_TREE = <DiffConstants.NULL_TREE: 1>                                                                                                                     │             │
│ │       objects = <module 'git.objects' from 'c:\\Users\\cometadraco\\Desktop\\Nueva carpeta (3)\\venv\\Lib\\site-packages\\git\\objects\\__init__.py'>            │             │
│ │      Optional = typing.Optional                                                                                                                                  │             │
│ │      PathLike = typing.Union[str, ForwardRef('os.PathLike[str]')]                                                                                                │             │
│ │          refs = <module 'git.refs' from 'c:\\Users\\cometadraco\\Desktop\\Nueva carpeta (3)\\venv\\Lib\\site-packages\\git\\refs\\__init__.py'>                  │             │
│ │        remote = <module 'git.remote' from 'c:\\Users\\cometadraco\\Desktop\\Nueva carpeta (3)\\venv\\Lib\\site-packages\\git\\remote.py'>                        │             │
│ │          repo = <module 'git.repo' from 'c:\\Users\\cometadraco\\Desktop\\Nueva carpeta (3)\\venv\\Lib\\site-packages\\git\\repo\\__init__.py'>                  │             │
│ │      Sequence = typing.Sequence                                                                                                                                  │             │
│ │         Tuple = typing.Tuple                                                                                                                                     │             │
│ │ TYPE_CHECKING = False                                                                                                                                            │             │
│ │         types = <module 'git.types' from 'c:\\Users\\cometadraco\\Desktop\\Nueva carpeta (3)\\venv\\Lib\\site-packages\\git\\types.py'>                          │             │
│ │         Union = typing.Union                                                                                                                                     │             │
│ │      warnings = <module 'warnings' from 'C:\\Program Files\\WindowsApps\\PythonSoftwareFoundation.Python.3.12_3.12.2032.0_x64__qbz5n2kfra8p0\\Lib\\warnings.py'> │             │
│ ╰──────────────────────────────────────────────────────────────────────────────────────────────────────────────────────────────────────────────────────────────────╯             │
╰──────────────────────────────────────────────────────────────────────────────────────────────────────────────────────────────────────────────────────────────────────────────────╯
ImportError: Failed to initialize: Bad git executable.
The git executable must be specified in one of the following ways:
    - be included in your $PATH
    - be set via $GIT_PYTHON_GIT_EXECUTABLE
    - explicitly set via git.refresh(<full-path-to-git-executable>)

All git commands will error until this is rectified.

This initial message can be silenced or aggravated in the future by setting the
$GIT_PYTHON_REFRESH environment variable. Use one of the following values:
    - quiet|q|silence|s|silent|none|n|0: for no message or exception
    - warn|w|warning|log|l|1: for a warning message (logging level CRITICAL, displayed by default)
    - error|e|exception|raise|r|2: for a raised exception

Example:
    export GIT_PYTHON_REFRESH=quiet


The above exception was the direct cause of the following exception:

╭─────────────────────────────────────────────────────────────────────── Traceback (most recent call last) ────────────────────────────────────────────────────────────────────────╮
│ c:\Users\cometadraco\Desktop\Nueva carpeta (3)\venv\Lib\site-packages\briefcase\__main__.py:29 in main                                                                           │
│                                                                                                                                                                                  │
│   26 │   │   │   Path.cwd() / "pyproject.toml",                                                                                                                                  │
│   27 │   │   │   overrides=overrides,                                                                                                                                            │
│   28 │   │   )                                                                                                                                                                   │
│ ❱ 29 │   │   command(**options)                                                                                                                                                  │
│   30 │   except HelpText as e:                                                                                                                                                   │
│   31 │   │   logger.info()                                                                                                                                                       │
│   32 │   │   logger.info(str(e))                                                                                                                                                 │
│                                                                                                                                                                                  │
│ ╭─────────────────────────────────────────────────────────────────────────────────── locals ───────────────────────────────────────────────────────────────────────────────────╮ │
│ │       command = <briefcase.commands.new.NewCommand object at 0x000001FA44EB16D0>                                                                                             │ │
│ │       console = <briefcase.console.Console object at 0x000001FA46246D80>                                                                                                     │ │
│ │             e = BriefcaseCommandError('Briefcase requires git, but it is not installed (or is not on your PATH). Visit:\n\n    https://git-scm.com/\n\nto download and       │ │
│ │                 install git manually.\n\nIf you have installed git recently and are still getting this error, you may\nneed to restart your terminal session.\n')            │ │
│ │ extra_cmdline = []                                                                                                                                                           │ │
│ │        logger = <briefcase.console.Log object at 0x000001FA46246E70>                                                                                                         │ │
│ │       options = {'template': None, 'template_branch': None, 'project_overrides': None}                                                                                       │ │
│ │     overrides = {}                                                                                                                                                           │ │
│ │       printer = <briefcase.console.Printer object at 0x000001FA44F2B890>                                                                                                     │ │
│ │        result = 200                                                                                                                                                          │ │
│ ╰──────────────────────────────────────────────────────────────────────────────────────────────────────────────────────────────────────────────────────────────────────────────╯ │
│                                                                                                                                                                                  │
│ c:\Users\cometadraco\Desktop\Nueva carpeta (3)\venv\Lib\site-packages\briefcase\commands\new.py:752 in __call__                                                                  │
│                                                                                                                                                                                  │
│   749 │   ):                                                                                                                                                                     │
│   750 │   │   # Confirm host compatibility, and that all required tools are available.                                                                                           │
│   751 │   │   # There are no apps, so finalize() will be a no op on app configurations.                                                                                          │
│ ❱ 752 │   │   self.finalize()                                                                                                                                                    │
│   753 │   │                                                                                                                                                                      │
│   754 │   │   return self.new_app(                                                                                                                                               │
│   755 │   │   │   template=template,                                                                                                                                             │
│                                                                                                                                                                                  │
│ ╭─────────────────────────────────────── locals ───────────────────────────────────────╮                                                                                         │
│ │           options = {}                                                               │                                                                                         │
│ │ project_overrides = None                                                             │                                                                                         │
│ │              self = <briefcase.commands.new.NewCommand object at 0x000001FA44EB16D0> │                                                                                         │
│ │          template = None                                                             │                                                                                         │
│ │   template_branch = None                                                             │                                                                                         │
│ ╰──────────────────────────────────────────────────────────────────────────────────────╯                                                                                         │
│                                                                                                                                                                                  │
│ c:\Users\cometadraco\Desktop\Nueva carpeta (3)\venv\Lib\site-packages\briefcase\commands\base.py:609 in finalize                                                                 │
│                                                                                                                                                                                  │
│    606 │   │   │   to finalize. By default, all apps will be finalized.                         ╭──────────────────────────────── locals ─────────────────────────────────╮      │
│    607 │   │   """                                                                              │  app = None                                                             │      │
│    608 │   │   self.verify_host()                                                               │ self = <briefcase.commands.new.NewCommand object at 0x000001FA44EB16D0> │      │
│ ❱  609 │   │   self.verify_tools()                                                              ╰─────────────────────────────────────────────────────────────────────────╯      │
│    610 │   │                                                                                                                                                                     │
│    611 │   │   if app is None:                                                                                                                                                   │
│    612 │   │   │   for app in self.apps.values():                                                                                                                                │
│                                                                                                                                                                                  │
│ c:\Users\cometadraco\Desktop\Nueva carpeta (3)\venv\Lib\site-packages\briefcase\commands\new.py:741 in verify_tools                                                              │
│                                                                                                                                                                                  │
│   738 │   │   Raises MissingToolException if a required system tool is missing.                ╭──────────────────────────────── locals ─────────────────────────────────╮       │
│   739 │   │   """                                                                              │ self = <briefcase.commands.new.NewCommand object at 0x000001FA44EB16D0> │       │
│   740 │   │   super().verify_tools()                                                           ╰─────────────────────────────────────────────────────────────────────────╯       │
│ ❱ 741 │   │   Git.verify(tools=self.tools)                                                                                                                                       │
│   742 │                                                                                                                                                                          │
│   743 │   def __call__(                                                                                                                                                          │
│   744 │   │   self,                                                                                                                                                              │
│                                                                                                                                                                                  │
│ c:\Users\cometadraco\Desktop\Nueva carpeta (3)\venv\Lib\site-packages\briefcase\integrations\base.py:77 in verify                                                                │
│                                                                                                                                                                                  │
│    74 │   ) -> ToolT:                                                                          ╭─────────────────────────────────── locals ────────────────────────────────────╮ │
│    75 │   │   """Confirm the tool is available and usable on the host platform."""             │    app = None                                                                 │ │
│    76 │   │   cls.verify_host(tools=tools)                                                     │ kwargs = {}                                                                   │ │
│ ❱  77 │   │   tool = cls.verify_install(tools=tools, app=app, **kwargs)                        │  tools = <briefcase.integrations.base.ToolCache object at 0x000001FA46291C40> │ │
│    78 │   │   return tool                                                                      ╰───────────────────────────────────────────────────────────────────────────────╯ │
│    79 │                                                                                                                                                                          │
│    80 │   @classmethod                                                                                                                                                           │
│                                                                                                                                                                                  │
│ c:\Users\cometadraco\Desktop\Nueva carpeta (3)\venv\Lib\site-packages\briefcase\integrations\git.py:65 in verify_install                                                         │
│                                                                                                                                                                                  │
│   62 │   │   │   │   ) from e                                                                 ╭─────────────────────────────────── locals ────────────────────────────────────╮  │
│   63 │   │   │                                                                                │ kwargs = {'app': None}                                                        │  │
│   64 │   │   │   else:                                                                        │  tools = <briefcase.integrations.base.ToolCache object at 0x000001FA46291C40> │  │
│ ❱ 65 │   │   │   │   raise BriefcaseCommandError(                                             ╰───────────────────────────────────────────────────────────────────────────────╯  │
│   66 │   │   │   │   │   f"""\                                                                                                                                                   │
│   67 Briefcase requires git, but it is not installed (or is not on your PATH). Visit:                                                                                            │
│   68                                                                                                                                                                             │
╰──────────────────────────────────────────────────────────────────────────────────────────────────────────────────────────────────────────────────────────────────────────────────╯
BriefcaseCommandError: Briefcase requires git, but it is not installed (or is not on your PATH). Visit:

    https://git-scm.com/

to download and install git manually.

If you have installed git recently and are still getting this error, you may
need to restart your terminal session.

